2022-07-28 12:15:13 Reading the updated datset....!!!
2022-07-28 12:16:17 Reading the updated datset....!!!
2022-07-28 12:16:18 Replaced all '?' with NAN.
2022-07-28 12:16:18 Checking the count of all nun values in each column
2022-07-28 12:16:18 T3 and TBG have highest number of null values.
2022-07-28 12:16:21 We have droped the outliers from age and TSH columns!
2022-07-28 12:16:21 Checking the count of all nun values in each column
2022-07-28 12:16:21 Filled the null values for int64 as there mean!
2022-07-28 12:17:44 Reading the updated datset....!!!
2022-07-28 12:17:45 Replaced all '?' with NAN.
2022-07-28 12:17:45 Checking the count of all nun values in each column
2022-07-28 12:17:45 T3 and TBG have highest number of null values.
2022-07-28 12:17:45 We have droped the outliers from age and TSH columns!
2022-07-28 12:17:45 Checking the count of all nun values in each column
2022-07-28 12:17:45 Filled the null values for int64 as there mean!
2022-07-28 12:17:59 Reading the updated datset....!!!
2022-07-28 12:17:59 Replaced all '?' with NAN.
2022-07-28 12:17:59 Checking the count of all nun values in each column
2022-07-28 12:17:59 T3 and TBG have highest number of null values.
2022-07-28 12:17:59 We have droped the outliers from age and TSH columns!
2022-07-28 12:17:59 Checking the count of all nun values in each column
2022-07-28 12:17:59 Filled the null values for int64 as there mean!
2022-07-28 21:57:00 Reading the updated datset....!!!
2022-07-28 21:57:01 Replaced all '?' with NAN.
2022-07-28 21:57:01 Checking the count of all nun values in each column
2022-07-28 21:57:01 T3 and TBG have highest number of null values.
2022-07-28 21:58:32 Reading the updated datset....!!!
2022-07-28 21:58:32 Replaced all '?' with NAN.
2022-07-28 21:58:32 Checking the count of all nun values in each column
2022-07-28 21:58:32 T3 and TBG have highest number of null values.
2022-07-28 21:58:34 We have droped the outliers from age and TSH columns!
2022-07-28 21:58:34 Checking the count of all nun values in each column
2022-07-28 21:58:34 Filled the null values for int64 as there mean!
